#dd.mm.yyyy	hh:mm	mm:ss	laps	flag	comments
#----------------------------------------------------
10.09.2010	20:45	42:55	16	M
15.09.2010	20:20	88:55	30	L
18.09.2010	19:35	32:52	12	S
22.09.2010	20:40	36:09	14	S
25.09.2010	17:30	70:53	26.5	R	4os gyros Aitolikou
27.09.2010	20:15	18:42	7	S
29.09.2010	20:25	38:39	15	I	
03.10.2010	11:00	139:44	46.9	R	Patras' half-marathon
07.10.2010	20:00	56:41	22.2222	I
10.10.2010	 9:25	158:12	51.3333	R	3os Koumpertenios - Vikenios
12.10.2010	20:55	24:20	8.5	I	
13.10.2010	20:45	54:47	20	I	tempo 5L + (10L ~5:30-) + 5L
14.10.2010	21:00	84:52	30	L	MP
16.10.2010	20:50	27:33	11.2	I	6L + running circuit (1L~5:10, squats, pushups, etc)
18.10.2010	19:00	32:00	12.5	I	5L + running circuit (1.5L~5:25, squats, pushups, etc)
20.10.2010	20:45	69:48	25	M	MP
21.10.2010	20:55	31:22	12.5	I	5L + runninc circuit (1.5L~5:10, squats, pushups, etc)
24.10.2010	21:30	62:23	22.2222	M	
28.10.2010	16:00	37:03	14	I
30.10.2010	11:15	30:51	11.1111	S	
31.10.2010	9:10	311:33	93.5555	R	28th Athens Classic Marathon
08.11.2010	20:30	36:17	14	N
11.11.2010	19:00	37:35	15	N
15.11.2010	20:25	34:04	14	N
18.11.2010	18:00	33:45	12.2222	N	
21.11.2010	20:15	31:30	12	N
27.11.2010	20:30	49:01	18	N
30.11.2010	22:30	19:07	7	N
03.12.2010	23:00	33:23	12	N
06.12.2010	13:20	29:47	12	N
14.12.2010	20:40	32:04	12	N
20.12.2010	21:10	30:39	12	N
03.01.2011	19:00	39:29	10	N	
09.01.2011	20:45	28:20	10	N	some sprints
12.01.2011	20:15	27:13	10	N
20.01.2011	17:00	30:58	12	N
24.01.2011	10:25	26:09	10	N
27.01.2011	17:50	32:00	12	N
29.01.2011	17:00	20:04	8	N	Tabata
01.02.2011	20:00	26:07	10	N
10.02.2011	20:45	26:33	10	N
15.02.2011	18:30	37:20	14	N
19.02.2011	18:30	32:51	12	N
23.02.2011	19:00	36:37	14	N
25.02.2011	20:30	41:36	16	N
03.03.2011	19:00	36:58	14	N
10.03.2011	19:00	43:15	16	N
13.03.2011	20:45	32:20	12	N	includes Tabata training
16.03.2011	18:45	35:33	11	N
18.03.2011	19:15	44:05	16	N
21.03.2011	19:00	25:59	10	N
23.03.2011	18:45	31:04	11	N
29.03.2011	8:30	31:17	12	N
01.04.2011	8:55	31:03	12	N
08.04.2011	11:35	30:39	11	N
11.04.2011	21:50	36:33	14	N
14.04.2011	20:05	36:33	14	N
18.04.2011	22:00	31:22	12	N	includes Tabata training
29.04.2011	20:50	36:00	13.4	N	
04.05.2011	21:15	32:33	12	N
07.05.2011	21:30	29:53	12	N
10.05.2011	20:25	49:15	19	N
13.05.2011	21:15	32:02	12	N	
19.05.2011	8:30	36:13	14	N
21.05.2011	22:35	30:43	12	N
26.05.2011	7:10	37:10	14	N
28.05.2011	20:10	36:25	14	N
